# JRE version: OpenJDK Runtime Environment (8.0_152-b02) (build 1.8.0_152-release-1024-b02)
# Java VM: OpenJDK 64-Bit Server VM (25.152-b02 mixed mode windows-amd64 compressed oops)
Heap:
 PSYoungGen      total 130048K, used 63086K [0x00000000e0000000, 0x00000000eab80000, 0x0000000100000000)
  eden space 121856K, 45% used [0x00000000e0000000,0x00000000e35a0650,0x00000000e7700000)
  from space 8192K, 99% used [0x00000000e8480000,0x00000000e8c7b2f0,0x00000000e8c80000)
  to   space 13824K, 0% used [0x00000000e7700000,0x00000000e7700000,0x00000000e8480000)
 ParOldGen       total 62976K, used 24141K [0x00000000a0000000, 0x00000000a3d80000, 0x00000000e0000000)
  object space 62976K, 38% used [0x00000000a0000000,0x00000000a17934e0,0x00000000a3d80000)
 Metaspace       used 46641K, capacity 47499K, committed 47832K, reserved 1091584K
  class space    used 6311K, capacity 6575K, committed 6656K, reserved 1048576K
GC Heap History (10 events):
Event: 5.583 GC heap before
{Heap before GC invocations=8 (full 1):
 PSYoungGen      total 72192K, used 5762K [0x00000000e0000000, 0x00000000e8e00000, 0x0000000100000000)
  eden space 64512K, 0% used [0x00000000e0000000,0x00000000e0000000,0x00000000e3f00000)
  from space 7680K, 75% used [0x00000000e3f00000,0x00000000e44a0ad0,0x00000000e4680000)
  to   space 8192K, 0% used [0x00000000e8600000,0x00000000e8600000,0x00000000e8e00000)
 ParOldGen       total 44032K, used 7704K [0x00000000a0000000, 0x00000000a2b00000, 0x00000000e0000000)
  object space 44032K, 17% used [0x00000000a0000000,0x00000000a0786338,0x00000000a2b00000)
 Metaspace       used 20770K, capacity 21066K, committed 21248K, reserved 1067008K
  class space    used 2899K, capacity 2985K, committed 3072K, reserved 1048576K
Event: 5.672 GC heap after
Heap after GC invocations=8 (full 1):
 PSYoungGen      total 72192K, used 0K [0x00000000e0000000, 0x00000000e8e00000, 0x0000000100000000)
  eden space 64512K, 0% used [0x00000000e0000000,0x00000000e0000000,0x00000000e3f00000)
  from space 7680K, 0% used [0x00000000e3f00000,0x00000000e3f00000,0x00000000e4680000)
  to   space 8192K, 0% used [0x00000000e8600000,0x00000000e8600000,0x00000000e8e00000)
 ParOldGen       total 36352K, used 7951K [0x00000000a0000000, 0x00000000a2380000, 0x00000000e0000000)
  object space 36352K, 21% used [0x00000000a0000000,0x00000000a07c3f38,0x00000000a2380000)
 Metaspace       used 20770K, capacity 21066K, committed 21248K, reserved 1067008K
  class space    used 2899K, capacity 2985K, committed 3072K, reserved 1048576K
}
Event: 7.974 GC heap before
{Heap before GC invocations=9 (full 1):
 PSYoungGen      total 72192K, used 64512K [0x00000000e0000000, 0x00000000e8e00000, 0x0000000100000000)
  eden space 64512K, 100% used [0x00000000e0000000,0x00000000e3f00000,0x00000000e3f00000)
  from space 7680K, 0% used [0x00000000e3f00000,0x00000000e3f00000,0x00000000e4680000)
  to   space 8192K, 0% used [0x00000000e8600000,0x00000000e8600000,0x00000000e8e00000)
 ParOldGen       total 36352K, used 7951K [0x00000000a0000000, 0x00000000a2380000, 0x00000000e0000000)
  object space 36352K, 21% used [0x00000000a0000000,0x00000000a07c3f38,0x00000000a2380000)
 Metaspace       used 26313K, capacity 26634K, committed 26880K, reserved 1073152K
  class space    used 3627K, capacity 3744K, committed 3840K, reserved 1048576K
Event: 7.992 GC heap after
Heap after GC invocations=9 (full 1):
 PSYoungGen      total 102400K, used 6814K [0x00000000e0000000, 0x00000000e8d00000, 0x0000000100000000)
  eden space 95232K, 0% used [0x00000000e0000000,0x00000000e0000000,0x00000000e5d00000)
  from space 7168K, 95% used [0x00000000e8600000,0x00000000e8ca7bc0,0x00000000e8d00000)
  to   space 8704K, 0% used [0x00000000e7c00000,0x00000000e7c00000,0x00000000e8480000)
 ParOldGen       total 36352K, used 7959K [0x00000000a0000000, 0x00000000a2380000, 0x00000000e0000000)
  object space 36352K, 21% used [0x00000000a0000000,0x00000000a07c5f38,0x00000000a2380000)
 Metaspace       used 26313K, capacity 26634K, committed 26880K, reserved 1073152K
  class space    used 3627K, capacity 3744K, committed 3840K, reserved 1048576K
}
Event: 11.514 GC heap before
{Heap before GC invocations=10 (full 1):
 PSYoungGen      total 102400K, used 96849K [0x00000000e0000000, 0x00000000e8d00000, 0x0000000100000000)
  eden space 95232K, 94% used [0x00000000e0000000,0x00000000e57ecc18,0x00000000e5d00000)
  from space 7168K, 95% used [0x00000000e8600000,0x00000000e8ca7bc0,0x00000000e8d00000)
  to   space 8704K, 0% used [0x00000000e7c00000,0x00000000e7c00000,0x00000000e8480000)
 ParOldGen       total 36352K, used 7959K [0x00000000a0000000, 0x00000000a2380000, 0x00000000e0000000)
  object space 36352K, 21% used [0x00000000a0000000,0x00000000a07c5f38,0x00000000a2380000)
 Metaspace       used 34836K, capacity 35292K, committed 35416K, reserved 1079296K
  class space    used 4773K, capacity 4950K, committed 4992K, reserved 1048576K
Event: 11.535 GC heap after
Heap after GC invocations=10 (full 1):
 PSYoungGen      total 129024K, used 8696K [0x00000000e0000000, 0x00000000e8c80000, 0x0000000100000000)
  eden space 120320K, 0% used [0x00000000e0000000,0x00000000e0000000,0x00000000e7580000)
  from space 8704K, 99% used [0x00000000e7c00000,0x00000000e847e358,0x00000000e8480000)
  to   space 8192K, 0% used [0x00000000e8480000,0x00000000e8480000,0x00000000e8c80000)
 ParOldGen       total 36352K, used 12206K [0x00000000a0000000, 0x00000000a2380000, 0x00000000e0000000)
  object space 36352K, 33% used [0x00000000a0000000,0x00000000a0bebb18,0x00000000a2380000)
 Metaspace       used 34836K, capacity 35292K, committed 35416K, reserved 1079296K
  class space    used 4773K, capacity 4950K, committed 4992K, reserved 1048576K
}
Event: 11.535 GC heap before
{Heap before GC invocations=11 (full 2):
 PSYoungGen      total 129024K, used 8696K [0x00000000e0000000, 0x00000000e8c80000, 0x0000000100000000)
  eden space 120320K, 0% used [0x00000000e0000000,0x00000000e0000000,0x00000000e7580000)
  from space 8704K, 99% used [0x00000000e7c00000,0x00000000e847e358,0x00000000e8480000)
  to   space 8192K, 0% used [0x00000000e8480000,0x00000000e8480000,0x00000000e8c80000)
 ParOldGen       total 36352K, used 12206K [0x00000000a0000000, 0x00000000a2380000, 0x00000000e0000000)
  object space 36352K, 33% used [0x00000000a0000000,0x00000000a0bebb18,0x00000000a2380000)
 Metaspace       used 34836K, capacity 35292K, committed 35416K, reserved 1079296K
  class space    used 4773K, capacity 4950K, committed 4992K, reserved 1048576K
Event: 11.643 GC heap after
Heap after GC invocations=11 (full 2):
 PSYoungGen      total 129024K, used 0K [0x00000000e0000000, 0x00000000e8c80000, 0x0000000100000000)
  eden space 120320K, 0% used [0x00000000e0000000,0x00000000e0000000,0x00000000e7580000)
  from space 8704K, 0% used [0x00000000e7c00000,0x00000000e7c00000,0x00000000e8480000)
  to   space 8192K, 0% used [0x00000000e8480000,0x00000000e8480000,0x00000000e8c80000)
 ParOldGen       total 62976K, used 19456K [0x00000000a0000000, 0x00000000a3d80000, 0x00000000e0000000)
  object space 62976K, 30% used [0x00000000a0000000,0x00000000a13003a8,0x00000000a3d80000)
 Metaspace       used 34836K, capacity 35292K, committed 35416K, reserved 1079296K
  class space    used 4773K, capacity 4950K, committed 4992K, reserved 1048576K
}
Event: 15.769 GC heap before
{Heap before GC invocations=12 (full 2):
 PSYoungGen      total 129024K, used 120320K [0x00000000e0000000, 0x00000000e8c80000, 0x0000000100000000)
  eden space 120320K, 100% used [0x00000000e0000000,0x00000000e7580000,0x00000000e7580000)
  from space 8704K, 0% used [0x00000000e7c00000,0x00000000e7c00000,0x00000000e8480000)
  to   space 8192K, 0% used [0x00000000e8480000,0x00000000e8480000,0x00000000e8c80000)
 ParOldGen       total 62976K, used 19456K [0x00000000a0000000, 0x00000000a3d80000, 0x00000000e0000000)
  object space 62976K, 30% used [0x00000000a0000000,0x00000000a13003a8,0x00000000a3d80000)
 Metaspace       used 42292K, capacity 43076K, committed 43480K, reserved 1087488K
  class space    used 5811K, capacity 6049K, committed 6144K, reserved 1048576K
Event: 15.791 GC heap after
Heap after GC invocations=12 (full 2):
 PSYoungGen      total 130048K, used 8172K [0x00000000e0000000, 0x00000000eab80000, 0x0000000100000000)
  eden space 121856K, 0% used [0x00000000e0000000,0x00000000e0000000,0x00000000e7700000)
  from space 8192K, 99% used [0x00000000e8480000,0x00000000e8c7b2f0,0x00000000e8c80000)
  to   space 13824K, 0% used [0x00000000e7700000,0x00000000e7700000,0x00000000e8480000)
 ParOldGen       total 62976K, used 24141K [0x00000000a0000000, 0x00000000a3d80000, 0x00000000e0000000)
  object space 62976K, 38% used [0x00000000a0000000,0x00000000a17934e0,0x00000000a3d80000)
 Metaspace       used 42292K, capacity 43076K, committed 43480K, reserved 1087488K
  class space    used 5811K, capacity 6049K, committed 6144K, reserved 1048576K
}

