# JRE version: OpenJDK Runtime Environment (8.0_152-b02) (build 1.8.0_152-release-1024-b02)
# Java VM: OpenJDK 64-Bit Server VM (25.152-b02 mixed mode windows-amd64 compressed oops)
Heap:
 PSYoungGen      total 152576K, used 43672K [0x00000000e0000000, 0x00000000eae00000, 0x0000000100000000)
  eden space 136192K, 32% used [0x00000000e0000000,0x00000000e2aa60e8,0x00000000e8500000)
  from space 16384K, 0% used [0x00000000e9580000,0x00000000e9580000,0x00000000ea580000)
  to   space 16896K, 0% used [0x00000000e8500000,0x00000000e8500000,0x00000000e9580000)
 ParOldGen       total 92672K, used 37096K [0x00000000a0000000, 0x00000000a5a80000, 0x00000000e0000000)
  object space 92672K, 40% used [0x00000000a0000000,0x00000000a243a270,0x00000000a5a80000)
 Metaspace       used 60194K, capacity 62040K, committed 62168K, reserved 1105920K
  class space    used 7905K, capacity 8380K, committed 8448K, reserved 1048576K
GC Heap History (10 events):
Event: 113.800 GC heap before
{Heap before GC invocations=21 (full 2):
 PSYoungGen      total 117248K, used 117222K [0x00000000e0000000, 0x00000000e8b80000, 0x0000000100000000)
  eden space 111104K, 100% used [0x00000000e0000000,0x00000000e6c80000,0x00000000e6c80000)
  from space 6144K, 99% used [0x00000000e8580000,0x00000000e8b79a38,0x00000000e8b80000)
  to   space 8704K, 0% used [0x00000000e7a80000,0x00000000e7a80000,0x00000000e8300000)
 ParOldGen       total 59392K, used 18488K [0x00000000a0000000, 0x00000000a3a00000, 0x00000000e0000000)
  object space 59392K, 31% used [0x00000000a0000000,0x00000000a120e0f8,0x00000000a3a00000)
 Metaspace       used 41073K, capacity 41894K, committed 42200K, reserved 1085440K
  class space    used 5296K, capacity 5568K, committed 5632K, reserved 1048576K
Event: 113.815 GC heap after
Heap after GC invocations=21 (full 2):
 PSYoungGen      total 130560K, used 7013K [0x00000000e0000000, 0x00000000e8980000, 0x0000000100000000)
  eden space 123392K, 0% used [0x00000000e0000000,0x00000000e0000000,0x00000000e7880000)
  from space 7168K, 97% used [0x00000000e7a80000,0x00000000e81595b0,0x00000000e8180000)
  to   space 8192K, 0% used [0x00000000e8180000,0x00000000e8180000,0x00000000e8980000)
 ParOldGen       total 59392K, used 18496K [0x00000000a0000000, 0x00000000a3a00000, 0x00000000e0000000)
  object space 59392K, 31% used [0x00000000a0000000,0x00000000a12100f8,0x00000000a3a00000)
 Metaspace       used 41073K, capacity 41894K, committed 42200K, reserved 1085440K
  class space    used 5296K, capacity 5568K, committed 5632K, reserved 1048576K
}
Event: 120.677 GC heap before
{Heap before GC invocations=22 (full 2):
 PSYoungGen      total 130560K, used 130405K [0x00000000e0000000, 0x00000000e8980000, 0x0000000100000000)
  eden space 123392K, 100% used [0x00000000e0000000,0x00000000e7880000,0x00000000e7880000)
  from space 7168K, 97% used [0x00000000e7a80000,0x00000000e81595b0,0x00000000e8180000)
  to   space 8192K, 0% used [0x00000000e8180000,0x00000000e8180000,0x00000000e8980000)
 ParOldGen       total 59392K, used 18496K [0x00000000a0000000, 0x00000000a3a00000, 0x00000000e0000000)
  object space 59392K, 31% used [0x00000000a0000000,0x00000000a12100f8,0x00000000a3a00000)
 Metaspace       used 48327K, capacity 49348K, committed 49752K, reserved 1093632K
  class space    used 6211K, capacity 6498K, committed 6528K, reserved 1048576K
Event: 120.712 GC heap after
Heap after GC invocations=22 (full 2):
 PSYoungGen      total 129024K, used 8170K [0x00000000e0000000, 0x00000000e9e80000, 0x0000000100000000)
  eden space 120832K, 0% used [0x00000000e0000000,0x00000000e0000000,0x00000000e7600000)
  from space 8192K, 99% used [0x00000000e8180000,0x00000000e897aa20,0x00000000e8980000)
  to   space 11776K, 0% used [0x00000000e7600000,0x00000000e7600000,0x00000000e8180000)
 ParOldGen       total 59392K, used 24952K [0x00000000a0000000, 0x00000000a3a00000, 0x00000000e0000000)
  object space 59392K, 42% used [0x00000000a0000000,0x00000000a185e0e0,0x00000000a3a00000)
 Metaspace       used 48327K, capacity 49348K, committed 49752K, reserved 1093632K
  class space    used 6211K, capacity 6498K, committed 6528K, reserved 1048576K
}
Event: 127.851 GC heap before
{Heap before GC invocations=23 (full 2):
 PSYoungGen      total 129024K, used 129002K [0x00000000e0000000, 0x00000000e9e80000, 0x0000000100000000)
  eden space 120832K, 100% used [0x00000000e0000000,0x00000000e7600000,0x00000000e7600000)
  from space 8192K, 99% used [0x00000000e8180000,0x00000000e897aa20,0x00000000e8980000)
  to   space 11776K, 0% used [0x00000000e7600000,0x00000000e7600000,0x00000000e8180000)
 ParOldGen       total 59392K, used 24952K [0x00000000a0000000, 0x00000000a3a00000, 0x00000000e0000000)
  object space 59392K, 42% used [0x00000000a0000000,0x00000000a185e0e0,0x00000000a3a00000)
 Metaspace       used 56141K, capacity 57466K, committed 57816K, reserved 1099776K
  class space    used 7283K, capacity 7660K, committed 7680K, reserved 1048576K
Event: 127.881 GC heap after
Heap after GC invocations=23 (full 2):
 PSYoungGen      total 132608K, used 11761K [0x00000000e0000000, 0x00000000ea580000, 0x0000000100000000)
  eden space 120832K, 0% used [0x00000000e0000000,0x00000000e0000000,0x00000000e7600000)
  from space 11776K, 99% used [0x00000000e7600000,0x00000000e817c4c0,0x00000000e8180000)
  to   space 16384K, 0% used [0x00000000e9580000,0x00000000e9580000,0x00000000ea580000)
 ParOldGen       total 59392K, used 33602K [0x00000000a0000000, 0x00000000a3a00000, 0x00000000e0000000)
  object space 59392K, 56% used [0x00000000a0000000,0x00000000a20d0bf8,0x00000000a3a00000)
 Metaspace       used 56141K, capacity 57466K, committed 57816K, reserved 1099776K
  class space    used 7283K, capacity 7660K, committed 7680K, reserved 1048576K
}
Event: 129.332 GC heap before
{Heap before GC invocations=24 (full 2):
 PSYoungGen      total 132608K, used 22440K [0x00000000e0000000, 0x00000000ea580000, 0x0000000100000000)
  eden space 120832K, 8% used [0x00000000e0000000,0x00000000e0a6dea8,0x00000000e7600000)
  from space 11776K, 99% used [0x00000000e7600000,0x00000000e817c4c0,0x00000000e8180000)
  to   space 16384K, 0% used [0x00000000e9580000,0x00000000e9580000,0x00000000ea580000)
 ParOldGen       total 59392K, used 33602K [0x00000000a0000000, 0x00000000a3a00000, 0x00000000e0000000)
  object space 59392K, 56% used [0x00000000a0000000,0x00000000a20d0bf8,0x00000000a3a00000)
 Metaspace       used 57454K, capacity 58882K, committed 59028K, reserved 1099776K
  class space    used 7452K, capacity 7844K, committed 7936K, reserved 1048576K
Event: 129.358 GC heap after
Heap after GC invocations=24 (full 2):
 PSYoungGen      total 152576K, used 10785K [0x00000000e0000000, 0x00000000eae00000, 0x0000000100000000)
  eden space 136192K, 0% used [0x00000000e0000000,0x00000000e0000000,0x00000000e8500000)
  from space 16384K, 65% used [0x00000000e9580000,0x00000000ea008538,0x00000000ea580000)
  to   space 16896K, 0% used [0x00000000e8500000,0x00000000e8500000,0x00000000e9580000)
 ParOldGen       total 59392K, used 36155K [0x00000000a0000000, 0x00000000a3a00000, 0x00000000e0000000)
  object space 59392K, 60% used [0x00000000a0000000,0x00000000a234efc0,0x00000000a3a00000)
 Metaspace       used 57454K, capacity 58882K, committed 59028K, reserved 1099776K
  class space    used 7452K, capacity 7844K, committed 7936K, reserved 1048576K
}
Event: 129.358 GC heap before
{Heap before GC invocations=25 (full 3):
 PSYoungGen      total 152576K, used 10785K [0x00000000e0000000, 0x00000000eae00000, 0x0000000100000000)
  eden space 136192K, 0% used [0x00000000e0000000,0x00000000e0000000,0x00000000e8500000)
  from space 16384K, 65% used [0x00000000e9580000,0x00000000ea008538,0x00000000ea580000)
  to   space 16896K, 0% used [0x00000000e8500000,0x00000000e8500000,0x00000000e9580000)
 ParOldGen       total 59392K, used 36155K [0x00000000a0000000, 0x00000000a3a00000, 0x00000000e0000000)
  object space 59392K, 60% used [0x00000000a0000000,0x00000000a234efc0,0x00000000a3a00000)
 Metaspace       used 57454K, capacity 58882K, committed 59028K, reserved 1099776K
  class space    used 7452K, capacity 7844K, committed 7936K, reserved 1048576K
Event: 129.772 GC heap after
Heap after GC invocations=25 (full 3):
 PSYoungGen      total 152576K, used 0K [0x00000000e0000000, 0x00000000eae00000, 0x0000000100000000)
  eden space 136192K, 0% used [0x00000000e0000000,0x00000000e0000000,0x00000000e8500000)
  from space 16384K, 0% used [0x00000000e9580000,0x00000000e9580000,0x00000000ea580000)
  to   space 16896K, 0% used [0x00000000e8500000,0x00000000e8500000,0x00000000e9580000)
 ParOldGen       total 92672K, used 37096K [0x00000000a0000000, 0x00000000a5a80000, 0x00000000e0000000)
  object space 92672K, 40% used [0x00000000a0000000,0x00000000a243a270,0x00000000a5a80000)
 Metaspace       used 57416K, capacity 58776K, committed 59028K, reserved 1099776K
  class space    used 7440K, capacity 7830K, committed 7936K, reserved 1048576K
}

