# JRE version: OpenJDK Runtime Environment (8.0_152-b02) (build 1.8.0_152-release-1024-b02)
# Java VM: OpenJDK 64-Bit Server VM (25.152-b02 mixed mode windows-amd64 compressed oops)
Heap:
 PSYoungGen      total 79360K, used 18596K [0x00000000e0000000, 0x00000000e5900000, 0x0000000100000000)
  eden space 73216K, 17% used [0x00000000e0000000,0x00000000e0c98110,0x00000000e4780000)
  from space 6144K, 92% used [0x00000000e5300000,0x00000000e58912b8,0x00000000e5900000)
  to   space 6656K, 0% used [0x00000000e4c00000,0x00000000e4c00000,0x00000000e5280000)
 ParOldGen       total 32768K, used 17372K [0x00000000a0000000, 0x00000000a2000000, 0x00000000e0000000)
  object space 32768K, 53% used [0x00000000a0000000,0x00000000a10f7108,0x00000000a2000000)
 Metaspace       used 38749K, capacity 39550K, committed 39768K, reserved 1083392K
  class space    used 5312K, capacity 5594K, committed 5720K, reserved 1048576K
GC Heap History (10 events):
Event: 16.279 GC heap before
{Heap before GC invocations=12 (full 1):
 PSYoungGen      total 47104K, used 46817K [0x00000000e0000000, 0x00000000e3b00000, 0x0000000100000000)
  eden space 43520K, 100% used [0x00000000e0000000,0x00000000e2a80000,0x00000000e2a80000)
  from space 3584K, 92% used [0x00000000e3780000,0x00000000e3ab8788,0x00000000e3b00000)
  to   space 5120K, 0% used [0x00000000e3100000,0x00000000e3100000,0x00000000e3600000)
 ParOldGen       total 32768K, used 7964K [0x00000000a0000000, 0x00000000a2000000, 0x00000000e0000000)
  object space 32768K, 24% used [0x00000000a0000000,0x00000000a07c7320,0x00000000a2000000)
 Metaspace       used 26896K, capacity 27548K, committed 27776K, reserved 1073152K
  class space    used 3693K, capacity 3850K, committed 3968K, reserved 1048576K
Event: 16.300 GC heap after
Heap after GC invocations=12 (full 1):
 PSYoungGen      total 55296K, used 4715K [0x00000000e0000000, 0x00000000e4480000, 0x0000000100000000)
  eden space 50176K, 0% used [0x00000000e0000000,0x00000000e0000000,0x00000000e3100000)
  from space 5120K, 92% used [0x00000000e3100000,0x00000000e359ac30,0x00000000e3600000)
  to   space 5632K, 0% used [0x00000000e3f00000,0x00000000e3f00000,0x00000000e4480000)
 ParOldGen       total 32768K, used 9425K [0x00000000a0000000, 0x00000000a2000000, 0x00000000e0000000)
  object space 32768K, 28% used [0x00000000a0000000,0x00000000a09344c0,0x00000000a2000000)
 Metaspace       used 26896K, capacity 27548K, committed 27776K, reserved 1073152K
  class space    used 3693K, capacity 3850K, committed 3968K, reserved 1048576K
}
Event: 17.687 GC heap before
{Heap before GC invocations=13 (full 1):
 PSYoungGen      total 55296K, used 54891K [0x00000000e0000000, 0x00000000e4480000, 0x0000000100000000)
  eden space 50176K, 100% used [0x00000000e0000000,0x00000000e3100000,0x00000000e3100000)
  from space 5120K, 92% used [0x00000000e3100000,0x00000000e359ac30,0x00000000e3600000)
  to   space 5632K, 0% used [0x00000000e3f00000,0x00000000e3f00000,0x00000000e4480000)
 ParOldGen       total 32768K, used 9425K [0x00000000a0000000, 0x00000000a2000000, 0x00000000e0000000)
  object space 32768K, 28% used [0x00000000a0000000,0x00000000a09344c0,0x00000000a2000000)
 Metaspace       used 30156K, capacity 30784K, committed 30976K, reserved 1075200K
  class space    used 4253K, capacity 4481K, committed 4608K, reserved 1048576K
Event: 17.714 GC heap after
Heap after GC invocations=13 (full 1):
 PSYoungGen      total 64000K, used 5554K [0x00000000e0000000, 0x00000000e4f00000, 0x0000000100000000)
  eden space 58368K, 0% used [0x00000000e0000000,0x00000000e0000000,0x00000000e3900000)
  from space 5632K, 98% used [0x00000000e3f00000,0x00000000e446cbc8,0x00000000e4480000)
  to   space 6144K, 0% used [0x00000000e3900000,0x00000000e3900000,0x00000000e3f00000)
 ParOldGen       total 32768K, used 11795K [0x00000000a0000000, 0x00000000a2000000, 0x00000000e0000000)
  object space 32768K, 35% used [0x00000000a0000000,0x00000000a0b84f60,0x00000000a2000000)
 Metaspace       used 30156K, capacity 30784K, committed 30976K, reserved 1075200K
  class space    used 4253K, capacity 4481K, committed 4608K, reserved 1048576K
}
Event: 19.717 GC heap before
{Heap before GC invocations=14 (full 1):
 PSYoungGen      total 64000K, used 42585K [0x00000000e0000000, 0x00000000e4f00000, 0x0000000100000000)
  eden space 58368K, 63% used [0x00000000e0000000,0x00000000e2429a68,0x00000000e3900000)
  from space 5632K, 98% used [0x00000000e3f00000,0x00000000e446cbc8,0x00000000e4480000)
  to   space 6144K, 0% used [0x00000000e3900000,0x00000000e3900000,0x00000000e3f00000)
 ParOldGen       total 32768K, used 11795K [0x00000000a0000000, 0x00000000a2000000, 0x00000000e0000000)
  object space 32768K, 35% used [0x00000000a0000000,0x00000000a0b84f60,0x00000000a2000000)
 Metaspace       used 34499K, capacity 35316K, committed 35416K, reserved 1079296K
  class space    used 4838K, capacity 5123K, committed 5208K, reserved 1048576K
Event: 19.735 GC heap after
Heap after GC invocations=14 (full 1):
 PSYoungGen      total 64512K, used 4639K [0x00000000e0000000, 0x00000000e5900000, 0x0000000100000000)
  eden space 58368K, 0% used [0x00000000e0000000,0x00000000e0000000,0x00000000e3900000)
  from space 6144K, 75% used [0x00000000e3900000,0x00000000e3d87c38,0x00000000e3f00000)
  to   space 6144K, 0% used [0x00000000e5300000,0x00000000e5300000,0x00000000e5900000)
 ParOldGen       total 32768K, used 14255K [0x00000000a0000000, 0x00000000a2000000, 0x00000000e0000000)
  object space 32768K, 43% used [0x00000000a0000000,0x00000000a0debfc0,0x00000000a2000000)
 Metaspace       used 34499K, capacity 35316K, committed 35416K, reserved 1079296K
  class space    used 4838K, capacity 5123K, committed 5208K, reserved 1048576K
}
Event: 19.735 GC heap before
{Heap before GC invocations=15 (full 2):
 PSYoungGen      total 64512K, used 4639K [0x00000000e0000000, 0x00000000e5900000, 0x0000000100000000)
  eden space 58368K, 0% used [0x00000000e0000000,0x00000000e0000000,0x00000000e3900000)
  from space 6144K, 75% used [0x00000000e3900000,0x00000000e3d87c38,0x00000000e3f00000)
  to   space 6144K, 0% used [0x00000000e5300000,0x00000000e5300000,0x00000000e5900000)
 ParOldGen       total 32768K, used 14255K [0x00000000a0000000, 0x00000000a2000000, 0x00000000e0000000)
  object space 32768K, 43% used [0x00000000a0000000,0x00000000a0debfc0,0x00000000a2000000)
 Metaspace       used 34499K, capacity 35316K, committed 35416K, reserved 1079296K
  class space    used 4838K, capacity 5123K, committed 5208K, reserved 1048576K
Event: 19.909 GC heap after
Heap after GC invocations=15 (full 2):
 PSYoungGen      total 64512K, used 0K [0x00000000e0000000, 0x00000000e5900000, 0x0000000100000000)
  eden space 58368K, 0% used [0x00000000e0000000,0x00000000e0000000,0x00000000e3900000)
  from space 6144K, 0% used [0x00000000e3900000,0x00000000e3900000,0x00000000e3f00000)
  to   space 6144K, 0% used [0x00000000e5300000,0x00000000e5300000,0x00000000e5900000)
 ParOldGen       total 32768K, used 17372K [0x00000000a0000000, 0x00000000a2000000, 0x00000000e0000000)
  object space 32768K, 53% used [0x00000000a0000000,0x00000000a10f7108,0x00000000a2000000)
 Metaspace       used 34499K, capacity 35316K, committed 35416K, reserved 1079296K
  class space    used 4838K, capacity 5123K, committed 5208K, reserved 1048576K
}
Event: 21.561 GC heap before
{Heap before GC invocations=16 (full 2):
 PSYoungGen      total 64512K, used 58368K [0x00000000e0000000, 0x00000000e5900000, 0x0000000100000000)
  eden space 58368K, 100% used [0x00000000e0000000,0x00000000e3900000,0x00000000e3900000)
  from space 6144K, 0% used [0x00000000e3900000,0x00000000e3900000,0x00000000e3f00000)
  to   space 6144K, 0% used [0x00000000e5300000,0x00000000e5300000,0x00000000e5900000)
 ParOldGen       total 32768K, used 17372K [0x00000000a0000000, 0x00000000a2000000, 0x00000000e0000000)
  object space 32768K, 53% used [0x00000000a0000000,0x00000000a10f7108,0x00000000a2000000)
 Metaspace       used 38408K, capacity 39198K, committed 39384K, reserved 1083392K
  class space    used 5271K, capacity 5562K, committed 5592K, reserved 1048576K
Event: 21.574 GC heap after
Heap after GC invocations=16 (full 2):
 PSYoungGen      total 79360K, used 5700K [0x00000000e0000000, 0x00000000e5900000, 0x0000000100000000)
  eden space 73216K, 0% used [0x00000000e0000000,0x00000000e0000000,0x00000000e4780000)
  from space 6144K, 92% used [0x00000000e5300000,0x00000000e58912b8,0x00000000e5900000)
  to   space 6656K, 0% used [0x00000000e4c00000,0x00000000e4c00000,0x00000000e5280000)
 ParOldGen       total 32768K, used 17372K [0x00000000a0000000, 0x00000000a2000000, 0x00000000e0000000)
  object space 32768K, 53% used [0x00000000a0000000,0x00000000a10f7108,0x00000000a2000000)
 Metaspace       used 38408K, capacity 39198K, committed 39384K, reserved 1083392K
  class space    used 5271K, capacity 5562K, committed 5592K, reserved 1048576K
}

