# JRE version: OpenJDK Runtime Environment (8.0_152-b02) (build 1.8.0_152-release-1024-b02)
# Java VM: OpenJDK 64-Bit Server VM (25.152-b02 mixed mode windows-amd64 compressed oops)
Heap:
 PSYoungGen      total 70144K, used 50074K [0x00000000e0000000, 0x00000000e7480000, 0x0000000100000000)
  eden space 63488K, 68% used [0x00000000e0000000,0x00000000e2a86d30,0x00000000e3e00000)
  from space 6656K, 98% used [0x00000000e4680000,0x00000000e4cdfd90,0x00000000e4d00000)
  to   space 8704K, 0% used [0x00000000e3e00000,0x00000000e3e00000,0x00000000e4680000)
 ParOldGen       total 34816K, used 8000K [0x00000000a0000000, 0x00000000a2200000, 0x00000000e0000000)
  object space 34816K, 22% used [0x00000000a0000000,0x00000000a07d0228,0x00000000a2200000)
 Metaspace       used 29125K, capacity 29824K, committed 29952K, reserved 1075200K
  class space    used 4087K, capacity 4310K, committed 4352K, reserved 1048576K
GC Heap History (10 events):
Event: 3.285 GC heap before
{Heap before GC invocations=5 (full 0):
 PSYoungGen      total 35328K, used 35328K [0x00000000e0000000, 0x00000000e2500000, 0x0000000100000000)
  eden space 32768K, 100% used [0x00000000e0000000,0x00000000e2000000,0x00000000e2000000)
  from space 2560K, 100% used [0x00000000e2280000,0x00000000e2500000,0x00000000e2500000)
  to   space 2560K, 0% used [0x00000000e2000000,0x00000000e2000000,0x00000000e2280000)
 ParOldGen       total 44032K, used 3170K [0x00000000a0000000, 0x00000000a2b00000, 0x00000000e0000000)
  object space 44032K, 7% used [0x00000000a0000000,0x00000000a0318ae0,0x00000000a2b00000)
 Metaspace       used 14409K, capacity 14758K, committed 14976K, reserved 1062912K
  class space    used 2014K, capacity 2123K, committed 2176K, reserved 1048576K
Event: 3.297 GC heap after
Heap after GC invocations=5 (full 0):
 PSYoungGen      total 35328K, used 2560K [0x00000000e0000000, 0x00000000e4d00000, 0x0000000100000000)
  eden space 32768K, 0% used [0x00000000e0000000,0x00000000e0000000,0x00000000e2000000)
  from space 2560K, 100% used [0x00000000e2000000,0x00000000e2280000,0x00000000e2280000)
  to   space 6656K, 0% used [0x00000000e4680000,0x00000000e4680000,0x00000000e4d00000)
 ParOldGen       total 44032K, used 6838K [0x00000000a0000000, 0x00000000a2b00000, 0x00000000e0000000)
  object space 44032K, 15% used [0x00000000a0000000,0x00000000a06ada60,0x00000000a2b00000)
 Metaspace       used 14409K, capacity 14758K, committed 14976K, reserved 1062912K
  class space    used 2014K, capacity 2123K, committed 2176K, reserved 1048576K
}
Event: 4.217 GC heap before
{Heap before GC invocations=6 (full 0):
 PSYoungGen      total 35328K, used 35328K [0x00000000e0000000, 0x00000000e4d00000, 0x0000000100000000)
  eden space 32768K, 100% used [0x00000000e0000000,0x00000000e2000000,0x00000000e2000000)
  from space 2560K, 100% used [0x00000000e2000000,0x00000000e2280000,0x00000000e2280000)
  to   space 6656K, 0% used [0x00000000e4680000,0x00000000e4680000,0x00000000e4d00000)
 ParOldGen       total 44032K, used 6838K [0x00000000a0000000, 0x00000000a2b00000, 0x00000000e0000000)
  object space 44032K, 15% used [0x00000000a0000000,0x00000000a06ada60,0x00000000a2b00000)
 Metaspace       used 17572K, capacity 17946K, committed 18048K, reserved 1064960K
  class space    used 2542K, capacity 2685K, committed 2688K, reserved 1048576K
Event: 4.253 GC heap after
Heap after GC invocations=6 (full 0):
 PSYoungGen      total 71168K, used 6617K [0x00000000e0000000, 0x00000000e4f00000, 0x0000000100000000)
  eden space 64512K, 0% used [0x00000000e0000000,0x00000000e0000000,0x00000000e3f00000)
  from space 6656K, 99% used [0x00000000e4680000,0x00000000e4cf67d0,0x00000000e4d00000)
  to   space 7680K, 0% used [0x00000000e3f00000,0x00000000e3f00000,0x00000000e4680000)
 ParOldGen       total 44032K, used 6838K [0x00000000a0000000, 0x00000000a2b00000, 0x00000000e0000000)
  object space 44032K, 15% used [0x00000000a0000000,0x00000000a06ada60,0x00000000a2b00000)
 Metaspace       used 17572K, capacity 17946K, committed 18048K, reserved 1064960K
  class space    used 2542K, capacity 2685K, committed 2688K, reserved 1048576K
}
Event: 4.672 GC heap before
{Heap before GC invocations=7 (full 0):
 PSYoungGen      total 71168K, used 20083K [0x00000000e0000000, 0x00000000e4f00000, 0x0000000100000000)
  eden space 64512K, 20% used [0x00000000e0000000,0x00000000e0d265c0,0x00000000e3f00000)
  from space 6656K, 99% used [0x00000000e4680000,0x00000000e4cf67d0,0x00000000e4d00000)
  to   space 7680K, 0% used [0x00000000e3f00000,0x00000000e3f00000,0x00000000e4680000)
 ParOldGen       total 44032K, used 6838K [0x00000000a0000000, 0x00000000a2b00000, 0x00000000e0000000)
  object space 44032K, 15% used [0x00000000a0000000,0x00000000a06ada60,0x00000000a2b00000)
 Metaspace       used 20802K, capacity 21216K, committed 21248K, reserved 1067008K
  class space    used 2917K, capacity 3071K, committed 3072K, reserved 1048576K
Event: 4.686 GC heap after
Heap after GC invocations=7 (full 0):
 PSYoungGen      total 72192K, used 5797K [0x00000000e0000000, 0x00000000e4f00000, 0x0000000100000000)
  eden space 64512K, 0% used [0x00000000e0000000,0x00000000e0000000,0x00000000e3f00000)
  from space 7680K, 75% used [0x00000000e3f00000,0x00000000e44a96d8,0x00000000e4680000)
  to   space 6656K, 0% used [0x00000000e4680000,0x00000000e4680000,0x00000000e4d00000)
 ParOldGen       total 44032K, used 7554K [0x00000000a0000000, 0x00000000a2b00000, 0x00000000e0000000)
  object space 44032K, 17% used [0x00000000a0000000,0x00000000a0760ab0,0x00000000a2b00000)
 Metaspace       used 20802K, capacity 21216K, committed 21248K, reserved 1067008K
  class space    used 2917K, capacity 3071K, committed 3072K, reserved 1048576K
}
Event: 4.686 GC heap before
{Heap before GC invocations=8 (full 1):
 PSYoungGen      total 72192K, used 5797K [0x00000000e0000000, 0x00000000e4f00000, 0x0000000100000000)
  eden space 64512K, 0% used [0x00000000e0000000,0x00000000e0000000,0x00000000e3f00000)
  from space 7680K, 75% used [0x00000000e3f00000,0x00000000e44a96d8,0x00000000e4680000)
  to   space 6656K, 0% used [0x00000000e4680000,0x00000000e4680000,0x00000000e4d00000)
 ParOldGen       total 44032K, used 7554K [0x00000000a0000000, 0x00000000a2b00000, 0x00000000e0000000)
  object space 44032K, 17% used [0x00000000a0000000,0x00000000a0760ab0,0x00000000a2b00000)
 Metaspace       used 20802K, capacity 21216K, committed 21248K, reserved 1067008K
  class space    used 2917K, capacity 3071K, committed 3072K, reserved 1048576K
Event: 4.750 GC heap after
Heap after GC invocations=8 (full 1):
 PSYoungGen      total 72192K, used 0K [0x00000000e0000000, 0x00000000e4f00000, 0x0000000100000000)
  eden space 64512K, 0% used [0x00000000e0000000,0x00000000e0000000,0x00000000e3f00000)
  from space 7680K, 0% used [0x00000000e3f00000,0x00000000e3f00000,0x00000000e4680000)
  to   space 6656K, 0% used [0x00000000e4680000,0x00000000e4680000,0x00000000e4d00000)
 ParOldGen       total 34816K, used 7992K [0x00000000a0000000, 0x00000000a2200000, 0x00000000e0000000)
  object space 34816K, 22% used [0x00000000a0000000,0x00000000a07ce228,0x00000000a2200000)
 Metaspace       used 20802K, capacity 21216K, committed 21248K, reserved 1067008K
  class space    used 2917K, capacity 3071K, committed 3072K, reserved 1048576K
}
Event: 6.564 GC heap before
{Heap before GC invocations=9 (full 1):
 PSYoungGen      total 72192K, used 64512K [0x00000000e0000000, 0x00000000e4f00000, 0x0000000100000000)
  eden space 64512K, 100% used [0x00000000e0000000,0x00000000e3f00000,0x00000000e3f00000)
  from space 7680K, 0% used [0x00000000e3f00000,0x00000000e3f00000,0x00000000e4680000)
  to   space 6656K, 0% used [0x00000000e4680000,0x00000000e4680000,0x00000000e4d00000)
 ParOldGen       total 34816K, used 7992K [0x00000000a0000000, 0x00000000a2200000, 0x00000000e0000000)
  object space 34816K, 22% used [0x00000000a0000000,0x00000000a07ce228,0x00000000a2200000)
 Metaspace       used 26309K, capacity 26896K, committed 27136K, reserved 1073152K
  class space    used 3623K, capacity 3805K, committed 3840K, reserved 1048576K
Event: 6.577 GC heap after
Heap after GC invocations=9 (full 1):
 PSYoungGen      total 70144K, used 6527K [0x00000000e0000000, 0x00000000e7480000, 0x0000000100000000)
  eden space 63488K, 0% used [0x00000000e0000000,0x00000000e0000000,0x00000000e3e00000)
  from space 6656K, 98% used [0x00000000e4680000,0x00000000e4cdfd90,0x00000000e4d00000)
  to   space 8704K, 0% used [0x00000000e3e00000,0x00000000e3e00000,0x00000000e4680000)
 ParOldGen       total 34816K, used 8000K [0x00000000a0000000, 0x00000000a2200000, 0x00000000e0000000)
  object space 34816K, 22% used [0x00000000a0000000,0x00000000a07d0228,0x00000000a2200000)
 Metaspace       used 26309K, capacity 26896K, committed 27136K, reserved 1073152K
  class space    used 3623K, capacity 3805K, committed 3840K, reserved 1048576K
}

