# JRE version: OpenJDK Runtime Environment (8.0_152-b02) (build 1.8.0_152-release-1024-b02)
# Java VM: OpenJDK 64-Bit Server VM (25.152-b02 mixed mode windows-amd64 compressed oops)
Heap:
 PSYoungGen      total 67072K, used 27560K [0x00000000e0000000, 0x00000000e6a80000, 0x0000000100000000)
  eden space 60416K, 45% used [0x00000000e0000000,0x00000000e1aea280,0x00000000e3b00000)
  from space 6656K, 0% used [0x00000000e4680000,0x00000000e4680000,0x00000000e4d00000)
  to   space 11776K, 0% used [0x00000000e3b00000,0x00000000e3b00000,0x00000000e4680000)
 ParOldGen       total 59904K, used 17480K [0x00000000a0000000, 0x00000000a3a80000, 0x00000000e0000000)
  object space 59904K, 29% used [0x00000000a0000000,0x00000000a1112280,0x00000000a3a80000)
 Metaspace       used 37096K, capacity 37868K, committed 38016K, reserved 1081344K
  class space    used 5124K, capacity 5399K, committed 5504K, reserved 1048576K
GC Heap History (10 events):
Event: 4.734 GC heap before
{Heap before GC invocations=8 (full 1):
 PSYoungGen      total 72192K, used 5926K [0x00000000e0000000, 0x00000000e4f00000, 0x0000000100000000)
  eden space 64512K, 0% used [0x00000000e0000000,0x00000000e0000000,0x00000000e3f00000)
  from space 7680K, 77% used [0x00000000e3f00000,0x00000000e44c99c8,0x00000000e4680000)
  to   space 6656K, 0% used [0x00000000e4680000,0x00000000e4680000,0x00000000e4d00000)
 ParOldGen       total 44032K, used 7587K [0x00000000a0000000, 0x00000000a2b00000, 0x00000000e0000000)
  object space 44032K, 17% used [0x00000000a0000000,0x00000000a0768f60,0x00000000a2b00000)
 Metaspace       used 20855K, capacity 21216K, committed 21248K, reserved 1067008K
  class space    used 2918K, capacity 3071K, committed 3072K, reserved 1048576K
Event: 4.800 GC heap after
Heap after GC invocations=8 (full 1):
 PSYoungGen      total 72192K, used 0K [0x00000000e0000000, 0x00000000e4f00000, 0x0000000100000000)
  eden space 64512K, 0% used [0x00000000e0000000,0x00000000e0000000,0x00000000e3f00000)
  from space 7680K, 0% used [0x00000000e3f00000,0x00000000e3f00000,0x00000000e4680000)
  to   space 6656K, 0% used [0x00000000e4680000,0x00000000e4680000,0x00000000e4d00000)
 ParOldGen       total 38912K, used 10837K [0x00000000a0000000, 0x00000000a2600000, 0x00000000e0000000)
  object space 38912K, 27% used [0x00000000a0000000,0x00000000a0a956e0,0x00000000a2600000)
 Metaspace       used 20855K, capacity 21216K, committed 21248K, reserved 1067008K
  class space    used 2918K, capacity 3071K, committed 3072K, reserved 1048576K
}
Event: 6.890 GC heap before
{Heap before GC invocations=9 (full 1):
 PSYoungGen      total 72192K, used 64512K [0x00000000e0000000, 0x00000000e4f00000, 0x0000000100000000)
  eden space 64512K, 100% used [0x00000000e0000000,0x00000000e3f00000,0x00000000e3f00000)
  from space 7680K, 0% used [0x00000000e3f00000,0x00000000e3f00000,0x00000000e4680000)
  to   space 6656K, 0% used [0x00000000e4680000,0x00000000e4680000,0x00000000e4d00000)
 ParOldGen       total 38912K, used 10837K [0x00000000a0000000, 0x00000000a2600000, 0x00000000e0000000)
  object space 38912K, 27% used [0x00000000a0000000,0x00000000a0a956e0,0x00000000a2600000)
 Metaspace       used 26359K, capacity 26832K, committed 26880K, reserved 1073152K
  class space    used 3625K, capacity 3805K, committed 3840K, reserved 1048576K
Event: 6.900 GC heap after
Heap after GC invocations=9 (full 1):
 PSYoungGen      total 71168K, used 6568K [0x00000000e0000000, 0x00000000e4f00000, 0x0000000100000000)
  eden space 64512K, 0% used [0x00000000e0000000,0x00000000e0000000,0x00000000e3f00000)
  from space 6656K, 98% used [0x00000000e4680000,0x00000000e4cea108,0x00000000e4d00000)
  to   space 7680K, 0% used [0x00000000e3f00000,0x00000000e3f00000,0x00000000e4680000)
 ParOldGen       total 38912K, used 10845K [0x00000000a0000000, 0x00000000a2600000, 0x00000000e0000000)
  object space 38912K, 27% used [0x00000000a0000000,0x00000000a0a976e0,0x00000000a2600000)
 Metaspace       used 26359K, capacity 26832K, committed 26880K, reserved 1073152K
  class space    used 3625K, capacity 3805K, committed 3840K, reserved 1048576K
}
Event: 8.985 GC heap before
{Heap before GC invocations=10 (full 1):
 PSYoungGen      total 71168K, used 71080K [0x00000000e0000000, 0x00000000e4f00000, 0x0000000100000000)
  eden space 64512K, 100% used [0x00000000e0000000,0x00000000e3f00000,0x00000000e3f00000)
  from space 6656K, 98% used [0x00000000e4680000,0x00000000e4cea108,0x00000000e4d00000)
  to   space 7680K, 0% used [0x00000000e3f00000,0x00000000e3f00000,0x00000000e4680000)
 ParOldGen       total 38912K, used 10845K [0x00000000a0000000, 0x00000000a2600000, 0x00000000e0000000)
  object space 38912K, 27% used [0x00000000a0000000,0x00000000a0a976e0,0x00000000a2600000)
 Metaspace       used 30120K, capacity 30816K, committed 30848K, reserved 1075200K
  class space    used 4248K, capacity 4449K, committed 4480K, reserved 1048576K
Event: 9.039 GC heap after
Heap after GC invocations=10 (full 1):
 PSYoungGen      total 72192K, used 7666K [0x00000000e0000000, 0x00000000e4f00000, 0x0000000100000000)
  eden space 64512K, 0% used [0x00000000e0000000,0x00000000e0000000,0x00000000e3f00000)
  from space 7680K, 99% used [0x00000000e3f00000,0x00000000e467ca68,0x00000000e4680000)
  to   space 6656K, 0% used [0x00000000e4680000,0x00000000e4680000,0x00000000e4d00000)
 ParOldGen       total 38912K, used 12933K [0x00000000a0000000, 0x00000000a2600000, 0x00000000e0000000)
  object space 38912K, 33% used [0x00000000a0000000,0x00000000a0ca1448,0x00000000a2600000)
 Metaspace       used 30120K, capacity 30816K, committed 30848K, reserved 1075200K
  class space    used 4248K, capacity 4449K, committed 4480K, reserved 1048576K
}
Event: 10.562 GC heap before
{Heap before GC invocations=11 (full 1):
 PSYoungGen      total 72192K, used 44646K [0x00000000e0000000, 0x00000000e4f00000, 0x0000000100000000)
  eden space 64512K, 57% used [0x00000000e0000000,0x00000000e241cdd8,0x00000000e3f00000)
  from space 7680K, 99% used [0x00000000e3f00000,0x00000000e467ca68,0x00000000e4680000)
  to   space 6656K, 0% used [0x00000000e4680000,0x00000000e4680000,0x00000000e4d00000)
 ParOldGen       total 38912K, used 12933K [0x00000000a0000000, 0x00000000a2600000, 0x00000000e0000000)
  object space 38912K, 33% used [0x00000000a0000000,0x00000000a0ca1448,0x00000000a2600000)
 Metaspace       used 34600K, capacity 35348K, committed 35416K, reserved 1079296K
  class space    used 4844K, capacity 5091K, committed 5120K, reserved 1048576K
Event: 10.584 GC heap after
Heap after GC invocations=11 (full 1):
 PSYoungGen      total 67072K, used 6640K [0x00000000e0000000, 0x00000000e6a80000, 0x0000000100000000)
  eden space 60416K, 0% used [0x00000000e0000000,0x00000000e0000000,0x00000000e3b00000)
  from space 6656K, 99% used [0x00000000e4680000,0x00000000e4cfc010,0x00000000e4d00000)
  to   space 11776K, 0% used [0x00000000e3b00000,0x00000000e3b00000,0x00000000e4680000)
 ParOldGen       total 38912K, used 17305K [0x00000000a0000000, 0x00000000a2600000, 0x00000000e0000000)
  object space 38912K, 44% used [0x00000000a0000000,0x00000000a10e6460,0x00000000a2600000)
 Metaspace       used 34600K, capacity 35348K, committed 35416K, reserved 1079296K
  class space    used 4844K, capacity 5091K, committed 5120K, reserved 1048576K
}
Event: 10.584 GC heap before
{Heap before GC invocations=12 (full 2):
 PSYoungGen      total 67072K, used 6640K [0x00000000e0000000, 0x00000000e6a80000, 0x0000000100000000)
  eden space 60416K, 0% used [0x00000000e0000000,0x00000000e0000000,0x00000000e3b00000)
  from space 6656K, 99% used [0x00000000e4680000,0x00000000e4cfc010,0x00000000e4d00000)
  to   space 11776K, 0% used [0x00000000e3b00000,0x00000000e3b00000,0x00000000e4680000)
 ParOldGen       total 38912K, used 17305K [0x00000000a0000000, 0x00000000a2600000, 0x00000000e0000000)
  object space 38912K, 44% used [0x00000000a0000000,0x00000000a10e6460,0x00000000a2600000)
 Metaspace       used 34600K, capacity 35348K, committed 35416K, reserved 1079296K
  class space    used 4844K, capacity 5091K, committed 5120K, reserved 1048576K
Event: 10.737 GC heap after
Heap after GC invocations=12 (full 2):
 PSYoungGen      total 67072K, used 0K [0x00000000e0000000, 0x00000000e6a80000, 0x0000000100000000)
  eden space 60416K, 0% used [0x00000000e0000000,0x00000000e0000000,0x00000000e3b00000)
  from space 6656K, 0% used [0x00000000e4680000,0x00000000e4680000,0x00000000e4d00000)
  to   space 11776K, 0% used [0x00000000e3b00000,0x00000000e3b00000,0x00000000e4680000)
 ParOldGen       total 59904K, used 17480K [0x00000000a0000000, 0x00000000a3a80000, 0x00000000e0000000)
  object space 59904K, 29% used [0x00000000a0000000,0x00000000a1112280,0x00000000a3a80000)
 Metaspace       used 34600K, capacity 35348K, committed 35416K, reserved 1079296K
  class space    used 4844K, capacity 5091K, committed 5120K, reserved 1048576K
}

