# JRE version: OpenJDK Runtime Environment (8.0_152-b02) (build 1.8.0_152-release-1024-b02)
# Java VM: OpenJDK 64-Bit Server VM (25.152-b02 mixed mode windows-amd64 compressed oops)
Heap:
 PSYoungGen      total 153088K, used 50359K [0x00000000e0000000, 0x00000000ec700000, 0x0000000100000000)
  eden space 137216K, 25% used [0x00000000e0000000,0x00000000e21ae8c0,0x00000000e8600000)
  from space 15872K, 99% used [0x00000000e8600000,0x00000000e957f3e8,0x00000000e9580000)
  to   space 20480K, 0% used [0x00000000eb300000,0x00000000eb300000,0x00000000ec700000)
 ParOldGen       total 67584K, used 25030K [0x00000000a0000000, 0x00000000a4200000, 0x00000000e0000000)
  object space 67584K, 37% used [0x00000000a0000000,0x00000000a1871b28,0x00000000a4200000)
 Metaspace       used 55987K, capacity 57488K, committed 57688K, reserved 1099776K
  class space    used 7673K, capacity 8045K, committed 8064K, reserved 1048576K
GC Heap History (10 events):
Event: 7.676 GC heap before
{Heap before GC invocations=7 (full 1):
 PSYoungGen      total 68096K, used 65536K [0x00000000e0000000, 0x00000000e9400000, 0x0000000100000000)
  eden space 65536K, 100% used [0x00000000e0000000,0x00000000e4000000,0x00000000e4000000)
  from space 2560K, 0% used [0x00000000e4000000,0x00000000e4000000,0x00000000e4280000)
  to   space 10240K, 0% used [0x00000000e8a00000,0x00000000e8a00000,0x00000000e9400000)
 ParOldGen       total 45568K, used 13317K [0x00000000a0000000, 0x00000000a2c80000, 0x00000000e0000000)
  object space 45568K, 29% used [0x00000000a0000000,0x00000000a0d017b8,0x00000000a2c80000)
 Metaspace       used 26419K, capacity 26714K, committed 26880K, reserved 1073152K
  class space    used 3643K, capacity 3776K, committed 3840K, reserved 1048576K
Event: 7.688 GC heap after
Heap after GC invocations=7 (full 1):
 PSYoungGen      total 103936K, used 6848K [0x00000000e0000000, 0x00000000e9100000, 0x0000000100000000)
  eden space 96768K, 0% used [0x00000000e0000000,0x00000000e0000000,0x00000000e5e80000)
  from space 7168K, 95% used [0x00000000e8a00000,0x00000000e90b00e8,0x00000000e9100000)
  to   space 10240K, 0% used [0x00000000e7d00000,0x00000000e7d00000,0x00000000e8700000)
 ParOldGen       total 45568K, used 13325K [0x00000000a0000000, 0x00000000a2c80000, 0x00000000e0000000)
  object space 45568K, 29% used [0x00000000a0000000,0x00000000a0d037b8,0x00000000a2c80000)
 Metaspace       used 26419K, capacity 26714K, committed 26880K, reserved 1073152K
  class space    used 3643K, capacity 3776K, committed 3840K, reserved 1048576K
}
Event: 10.439 GC heap before
{Heap before GC invocations=8 (full 1):
 PSYoungGen      total 103936K, used 94965K [0x00000000e0000000, 0x00000000e9100000, 0x0000000100000000)
  eden space 96768K, 91% used [0x00000000e0000000,0x00000000e560d650,0x00000000e5e80000)
  from space 7168K, 95% used [0x00000000e8a00000,0x00000000e90b00e8,0x00000000e9100000)
  to   space 10240K, 0% used [0x00000000e7d00000,0x00000000e7d00000,0x00000000e8700000)
 ParOldGen       total 45568K, used 13325K [0x00000000a0000000, 0x00000000a2c80000, 0x00000000e0000000)
  object space 45568K, 29% used [0x00000000a0000000,0x00000000a0d037b8,0x00000000a2c80000)
 Metaspace       used 34884K, capacity 35380K, committed 35416K, reserved 1079296K
  class space    used 4784K, capacity 4984K, committed 4992K, reserved 1048576K
Event: 10.459 GC heap after
Heap after GC invocations=8 (full 1):
 PSYoungGen      total 138240K, used 10223K [0x00000000e0000000, 0x00000000ea280000, 0x0000000100000000)
  eden space 128000K, 0% used [0x00000000e0000000,0x00000000e0000000,0x00000000e7d00000)
  from space 10240K, 99% used [0x00000000e7d00000,0x00000000e86fbf88,0x00000000e8700000)
  to   space 13312K, 0% used [0x00000000e9580000,0x00000000e9580000,0x00000000ea280000)
 ParOldGen       total 45568K, used 16048K [0x00000000a0000000, 0x00000000a2c80000, 0x00000000e0000000)
  object space 45568K, 35% used [0x00000000a0000000,0x00000000a0fac1a8,0x00000000a2c80000)
 Metaspace       used 34884K, capacity 35380K, committed 35416K, reserved 1079296K
  class space    used 4784K, capacity 4984K, committed 4992K, reserved 1048576K
}
Event: 10.459 GC heap before
{Heap before GC invocations=9 (full 2):
 PSYoungGen      total 138240K, used 10223K [0x00000000e0000000, 0x00000000ea280000, 0x0000000100000000)
  eden space 128000K, 0% used [0x00000000e0000000,0x00000000e0000000,0x00000000e7d00000)
  from space 10240K, 99% used [0x00000000e7d00000,0x00000000e86fbf88,0x00000000e8700000)
  to   space 13312K, 0% used [0x00000000e9580000,0x00000000e9580000,0x00000000ea280000)
 ParOldGen       total 45568K, used 16048K [0x00000000a0000000, 0x00000000a2c80000, 0x00000000e0000000)
  object space 45568K, 35% used [0x00000000a0000000,0x00000000a0fac1a8,0x00000000a2c80000)
 Metaspace       used 34884K, capacity 35380K, committed 35416K, reserved 1079296K
  class space    used 4784K, capacity 4984K, committed 4992K, reserved 1048576K
Event: 10.613 GC heap after
Heap after GC invocations=9 (full 2):
 PSYoungGen      total 138240K, used 0K [0x00000000e0000000, 0x00000000ea280000, 0x0000000100000000)
  eden space 128000K, 0% used [0x00000000e0000000,0x00000000e0000000,0x00000000e7d00000)
  from space 10240K, 0% used [0x00000000e7d00000,0x00000000e7d00000,0x00000000e8700000)
  to   space 13312K, 0% used [0x00000000e9580000,0x00000000e9580000,0x00000000ea280000)
 ParOldGen       total 67584K, used 19372K [0x00000000a0000000, 0x00000000a4200000, 0x00000000e0000000)
  object space 67584K, 28% used [0x00000000a0000000,0x00000000a12eb148,0x00000000a4200000)
 Metaspace       used 34884K, capacity 35380K, committed 35416K, reserved 1079296K
  class space    used 4784K, capacity 4984K, committed 4992K, reserved 1048576K
}
Event: 14.134 GC heap before
{Heap before GC invocations=10 (full 2):
 PSYoungGen      total 138240K, used 128000K [0x00000000e0000000, 0x00000000ea280000, 0x0000000100000000)
  eden space 128000K, 100% used [0x00000000e0000000,0x00000000e7d00000,0x00000000e7d00000)
  from space 10240K, 0% used [0x00000000e7d00000,0x00000000e7d00000,0x00000000e8700000)
  to   space 13312K, 0% used [0x00000000e9580000,0x00000000e9580000,0x00000000ea280000)
 ParOldGen       total 67584K, used 19372K [0x00000000a0000000, 0x00000000a4200000, 0x00000000e0000000)
  object space 67584K, 28% used [0x00000000a0000000,0x00000000a12eb148,0x00000000a4200000)
 Metaspace       used 42772K, capacity 43552K, committed 43736K, reserved 1087488K
  class space    used 5900K, capacity 6121K, committed 6144K, reserved 1048576K
Event: 14.161 GC heap after
Heap after GC invocations=10 (full 2):
 PSYoungGen      total 150528K, used 13288K [0x00000000e0000000, 0x00000000ec400000, 0x0000000100000000)
  eden space 137216K, 0% used [0x00000000e0000000,0x00000000e0000000,0x00000000e8600000)
  from space 13312K, 99% used [0x00000000e9580000,0x00000000ea27a098,0x00000000ea280000)
  to   space 15872K, 0% used [0x00000000e8600000,0x00000000e8600000,0x00000000e9580000)
 ParOldGen       total 67584K, used 19788K [0x00000000a0000000, 0x00000000a4200000, 0x00000000e0000000)
  object space 67584K, 29% used [0x00000000a0000000,0x00000000a13532b8,0x00000000a4200000)
 Metaspace       used 42772K, capacity 43552K, committed 43736K, reserved 1087488K
  class space    used 5900K, capacity 6121K, committed 6144K, reserved 1048576K
}
Event: 18.264 GC heap before
{Heap before GC invocations=11 (full 2):
 PSYoungGen      total 150528K, used 150504K [0x00000000e0000000, 0x00000000ec400000, 0x0000000100000000)
  eden space 137216K, 100% used [0x00000000e0000000,0x00000000e8600000,0x00000000e8600000)
  from space 13312K, 99% used [0x00000000e9580000,0x00000000ea27a098,0x00000000ea280000)
  to   space 15872K, 0% used [0x00000000e8600000,0x00000000e8600000,0x00000000e9580000)
 ParOldGen       total 67584K, used 19788K [0x00000000a0000000, 0x00000000a4200000, 0x00000000e0000000)
  object space 67584K, 29% used [0x00000000a0000000,0x00000000a13532b8,0x00000000a4200000)
 Metaspace       used 52629K, capacity 54084K, committed 54104K, reserved 1095680K
  class space    used 7205K, capacity 7551K, committed 7552K, reserved 1048576K
Event: 18.301 GC heap after
Heap after GC invocations=11 (full 2):
 PSYoungGen      total 153088K, used 15868K [0x00000000e0000000, 0x00000000ec700000, 0x0000000100000000)
  eden space 137216K, 0% used [0x00000000e0000000,0x00000000e0000000,0x00000000e8600000)
  from space 15872K, 99% used [0x00000000e8600000,0x00000000e957f3e8,0x00000000e9580000)
  to   space 20480K, 0% used [0x00000000eb300000,0x00000000eb300000,0x00000000ec700000)
 ParOldGen       total 67584K, used 25030K [0x00000000a0000000, 0x00000000a4200000, 0x00000000e0000000)
  object space 67584K, 37% used [0x00000000a0000000,0x00000000a1871b28,0x00000000a4200000)
 Metaspace       used 52629K, capacity 54084K, committed 54104K, reserved 1095680K
  class space    used 7205K, capacity 7551K, committed 7552K, reserved 1048576K
}

