# JRE version: OpenJDK Runtime Environment (8.0_152-b02) (build 1.8.0_152-release-1024-b02)
# Java VM: OpenJDK 64-Bit Server VM (25.152-b02 mixed mode windows-amd64 compressed oops)
Heap:
 PSYoungGen      total 187904K, used 67424K [0x00000000e0000000, 0x00000000ec880000, 0x0000000100000000)
  eden space 172544K, 39% used [0x00000000e0000000,0x00000000e41d8330,0x00000000ea880000)
  from space 15360K, 0% used [0x00000000eb980000,0x00000000eb980000,0x00000000ec880000)
  to   space 16384K, 0% used [0x00000000ea880000,0x00000000ea880000,0x00000000eb880000)
 ParOldGen       total 62464K, used 30116K [0x00000000a0000000, 0x00000000a3d00000, 0x00000000e0000000)
  object space 62464K, 48% used [0x00000000a0000000,0x00000000a1d69108,0x00000000a3d00000)
 Metaspace       used 62460K, capacity 64178K, committed 64532K, reserved 1105920K
  class space    used 8239K, capacity 8642K, committed 8764K, reserved 1048576K
GC Heap History (10 events):
Event: 16.641 GC heap before
{Heap before GC invocations=13 (full 2):
 PSYoungGen      total 133120K, used 133119K [0x00000000e0000000, 0x00000000eb000000, 0x0000000100000000)
  eden space 121856K, 100% used [0x00000000e0000000,0x00000000e7700000,0x00000000e7700000)
  from space 11264K, 99% used [0x00000000e8480000,0x00000000e8f7ffa0,0x00000000e8f80000)
  to   space 13824K, 0% used [0x00000000e7700000,0x00000000e7700000,0x00000000e8480000)
 ParOldGen       total 62464K, used 21503K [0x00000000a0000000, 0x00000000a3d00000, 0x00000000e0000000)
  object space 62464K, 34% used [0x00000000a0000000,0x00000000a14ffe10,0x00000000a3d00000)
 Metaspace       used 51926K, capacity 53406K, committed 53592K, reserved 1095680K
  class space    used 7125K, capacity 7478K, committed 7552K, reserved 1048576K
Event: 16.703 GC heap after
Heap after GC invocations=13 (full 2):
 PSYoungGen      total 135680K, used 13822K [0x00000000e0000000, 0x00000000eb680000, 0x0000000100000000)
  eden space 121856K, 0% used [0x00000000e0000000,0x00000000e0000000,0x00000000e7700000)
  from space 13824K, 99% used [0x00000000e7700000,0x00000000e847fa60,0x00000000e8480000)
  to   space 17920K, 0% used [0x00000000ea500000,0x00000000ea500000,0x00000000eb680000)
 ParOldGen       total 62464K, used 26972K [0x00000000a0000000, 0x00000000a3d00000, 0x00000000e0000000)
  object space 62464K, 43% used [0x00000000a0000000,0x00000000a1a573c8,0x00000000a3d00000)
 Metaspace       used 51926K, capacity 53406K, committed 53592K, reserved 1095680K
  class space    used 7125K, capacity 7478K, committed 7552K, reserved 1048576K
}
Event: 30.634 GC heap before
{Heap before GC invocations=14 (full 2):
 PSYoungGen      total 135680K, used 135678K [0x00000000e0000000, 0x00000000eb680000, 0x0000000100000000)
  eden space 121856K, 100% used [0x00000000e0000000,0x00000000e7700000,0x00000000e7700000)
  from space 13824K, 99% used [0x00000000e7700000,0x00000000e847fa60,0x00000000e8480000)
  to   space 17920K, 0% used [0x00000000ea500000,0x00000000ea500000,0x00000000eb680000)
 ParOldGen       total 62464K, used 26972K [0x00000000a0000000, 0x00000000a3d00000, 0x00000000e0000000)
  object space 62464K, 43% used [0x00000000a0000000,0x00000000a1a573c8,0x00000000a3d00000)
 Metaspace       used 54988K, capacity 56476K, committed 56664K, reserved 1097728K
  class space    used 7415K, capacity 7759K, committed 7808K, reserved 1048576K
Event: 30.676 GC heap after
Heap after GC invocations=14 (full 2):
 PSYoungGen      total 160768K, used 4171K [0x00000000e0000000, 0x00000000eb200000, 0x0000000100000000)
  eden space 147456K, 0% used [0x00000000e0000000,0x00000000e0000000,0x00000000e9000000)
  from space 13312K, 31% used [0x00000000ea500000,0x00000000ea912f48,0x00000000eb200000)
  to   space 17408K, 0% used [0x00000000e9000000,0x00000000e9000000,0x00000000ea100000)
 ParOldGen       total 62464K, used 40491K [0x00000000a0000000, 0x00000000a3d00000, 0x00000000e0000000)
  object space 62464K, 64% used [0x00000000a0000000,0x00000000a278ad18,0x00000000a3d00000)
 Metaspace       used 54988K, capacity 56476K, committed 56664K, reserved 1097728K
  class space    used 7415K, capacity 7759K, committed 7808K, reserved 1048576K
}
Event: 72.550 GC heap before
{Heap before GC invocations=15 (full 2):
 PSYoungGen      total 160768K, used 151627K [0x00000000e0000000, 0x00000000eb200000, 0x0000000100000000)
  eden space 147456K, 100% used [0x00000000e0000000,0x00000000e9000000,0x00000000e9000000)
  from space 13312K, 31% used [0x00000000ea500000,0x00000000ea912f48,0x00000000eb200000)
  to   space 17408K, 0% used [0x00000000e9000000,0x00000000e9000000,0x00000000ea100000)
 ParOldGen       total 62464K, used 40491K [0x00000000a0000000, 0x00000000a3d00000, 0x00000000e0000000)
  object space 62464K, 64% used [0x00000000a0000000,0x00000000a278ad18,0x00000000a3d00000)
 Metaspace       used 57017K, capacity 58618K, committed 58712K, reserved 1099776K
  class space    used 7635K, capacity 8026K, committed 8064K, reserved 1048576K
Event: 72.561 GC heap after
Heap after GC invocations=15 (full 2):
 PSYoungGen      total 164864K, used 5500K [0x00000000e0000000, 0x00000000eca00000, 0x0000000100000000)
  eden space 147456K, 0% used [0x00000000e0000000,0x00000000e0000000,0x00000000e9000000)
  from space 17408K, 31% used [0x00000000e9000000,0x00000000e955f228,0x00000000ea100000)
  to   space 16896K, 0% used [0x00000000eb980000,0x00000000eb980000,0x00000000eca00000)
 ParOldGen       total 62464K, used 40499K [0x00000000a0000000, 0x00000000a3d00000, 0x00000000e0000000)
  object space 62464K, 64% used [0x00000000a0000000,0x00000000a278cd18,0x00000000a3d00000)
 Metaspace       used 57017K, capacity 58618K, committed 58712K, reserved 1099776K
  class space    used 7635K, capacity 8026K, committed 8064K, reserved 1048576K
}
Event: 74.629 GC heap before
{Heap before GC invocations=16 (full 2):
 PSYoungGen      total 164864K, used 141112K [0x00000000e0000000, 0x00000000eca00000, 0x0000000100000000)
  eden space 147456K, 91% used [0x00000000e0000000,0x00000000e846f0e8,0x00000000e9000000)
  from space 17408K, 31% used [0x00000000e9000000,0x00000000e955f228,0x00000000ea100000)
  to   space 16896K, 0% used [0x00000000eb980000,0x00000000eb980000,0x00000000eca00000)
 ParOldGen       total 62464K, used 40499K [0x00000000a0000000, 0x00000000a3d00000, 0x00000000e0000000)
  object space 62464K, 64% used [0x00000000a0000000,0x00000000a278cd18,0x00000000a3d00000)
 Metaspace       used 57323K, capacity 58958K, committed 59028K, reserved 1099776K
  class space    used 7682K, capacity 8098K, committed 8124K, reserved 1048576K
Event: 74.646 GC heap after
Heap after GC invocations=16 (full 2):
 PSYoungGen      total 187904K, used 3776K [0x00000000e0000000, 0x00000000ec880000, 0x0000000100000000)
  eden space 172544K, 0% used [0x00000000e0000000,0x00000000e0000000,0x00000000ea880000)
  from space 15360K, 24% used [0x00000000eb980000,0x00000000ebd30040,0x00000000ec880000)
  to   space 16384K, 0% used [0x00000000ea880000,0x00000000ea880000,0x00000000eb880000)
 ParOldGen       total 62464K, used 40507K [0x00000000a0000000, 0x00000000a3d00000, 0x00000000e0000000)
  object space 62464K, 64% used [0x00000000a0000000,0x00000000a278ed18,0x00000000a3d00000)
 Metaspace       used 57323K, capacity 58958K, committed 59028K, reserved 1099776K
  class space    used 7682K, capacity 8098K, committed 8124K, reserved 1048576K
}
Event: 74.646 GC heap before
{Heap before GC invocations=17 (full 3):
 PSYoungGen      total 187904K, used 3776K [0x00000000e0000000, 0x00000000ec880000, 0x0000000100000000)
  eden space 172544K, 0% used [0x00000000e0000000,0x00000000e0000000,0x00000000ea880000)
  from space 15360K, 24% used [0x00000000eb980000,0x00000000ebd30040,0x00000000ec880000)
  to   space 16384K, 0% used [0x00000000ea880000,0x00000000ea880000,0x00000000eb880000)
 ParOldGen       total 62464K, used 40507K [0x00000000a0000000, 0x00000000a3d00000, 0x00000000e0000000)
  object space 62464K, 64% used [0x00000000a0000000,0x00000000a278ed18,0x00000000a3d00000)
 Metaspace       used 57323K, capacity 58958K, committed 59028K, reserved 1099776K
  class space    used 7682K, capacity 8098K, committed 8124K, reserved 1048576K
Event: 74.982 GC heap after
Heap after GC invocations=17 (full 3):
 PSYoungGen      total 187904K, used 0K [0x00000000e0000000, 0x00000000ec880000, 0x0000000100000000)
  eden space 172544K, 0% used [0x00000000e0000000,0x00000000e0000000,0x00000000ea880000)
  from space 15360K, 0% used [0x00000000eb980000,0x00000000eb980000,0x00000000ec880000)
  to   space 16384K, 0% used [0x00000000ea880000,0x00000000ea880000,0x00000000eb880000)
 ParOldGen       total 62464K, used 30116K [0x00000000a0000000, 0x00000000a3d00000, 0x00000000e0000000)
  object space 62464K, 48% used [0x00000000a0000000,0x00000000a1d69108,0x00000000a3d00000)
 Metaspace       used 57322K, capacity 58956K, committed 59028K, reserved 1099776K
  class space    used 7681K, capacity 8097K, committed 8124K, reserved 1048576K
}

