# JRE version: OpenJDK Runtime Environment (8.0_152-b02) (build 1.8.0_152-release-1024-b02)
# Java VM: OpenJDK 64-Bit Server VM (25.152-b02 mixed mode windows-amd64 compressed oops)
Heap:
 PSYoungGen      total 179200K, used 36009K [0x00000000e0000000, 0x00000000ed300000, 0x0000000100000000)
  eden space 160768K, 12% used [0x00000000e0000000,0x00000000e1315320,0x00000000e9d00000)
  from space 18432K, 89% used [0x00000000e9d00000,0x00000000ead151b8,0x00000000eaf00000)
  to   space 20480K, 0% used [0x00000000ebf00000,0x00000000ebf00000,0x00000000ed300000)
 ParOldGen       total 89088K, used 52944K [0x00000000a0000000, 0x00000000a5700000, 0x00000000e0000000)
  object space 89088K, 59% used [0x00000000a0000000,0x00000000a33b4108,0x00000000a5700000)
 Metaspace       used 69179K, capacity 71498K, committed 71808K, reserved 1112064K
  class space    used 8996K, capacity 9588K, committed 9600K, reserved 1048576K
GC Heap History (10 events):
Event: 34.030 GC heap before
{Heap before GC invocations=16 (full 2):
 PSYoungGen      total 123904K, used 100162K [0x00000000e0000000, 0x00000000ea400000, 0x0000000100000000)
  eden space 112640K, 79% used [0x00000000e0000000,0x00000000e56e9fb8,0x00000000e6e00000)
  from space 11264K, 99% used [0x00000000e6e00000,0x00000000e78e6bd0,0x00000000e7900000)
  to   space 12800K, 0% used [0x00000000e9780000,0x00000000e9780000,0x00000000ea400000)
 ParOldGen       total 57344K, used 22811K [0x00000000a0000000, 0x00000000a3800000, 0x00000000e0000000)
  object space 57344K, 39% used [0x00000000a0000000,0x00000000a1646ce8,0x00000000a3800000)
 Metaspace       used 57179K, capacity 58926K, committed 59008K, reserved 1099776K
  class space    used 7777K, capacity 8255K, committed 8320K, reserved 1048576K
Event: 34.061 GC heap after
Heap after GC invocations=16 (full 2):
 PSYoungGen      total 152576K, used 12780K [0x00000000e0000000, 0x00000000ea780000, 0x0000000100000000)
  eden space 139776K, 0% used [0x00000000e0000000,0x00000000e0000000,0x00000000e8880000)
  from space 12800K, 99% used [0x00000000e9780000,0x00000000ea3fb0a0,0x00000000ea400000)
  to   space 15360K, 0% used [0x00000000e8880000,0x00000000e8880000,0x00000000e9780000)
 ParOldGen       total 57344K, used 24532K [0x00000000a0000000, 0x00000000a3800000, 0x00000000e0000000)
  object space 57344K, 42% used [0x00000000a0000000,0x00000000a17f50f0,0x00000000a3800000)
 Metaspace       used 57179K, capacity 58926K, committed 59008K, reserved 1099776K
  class space    used 7777K, capacity 8255K, committed 8320K, reserved 1048576K
}
Event: 34.061 GC heap before
{Heap before GC invocations=17 (full 3):
 PSYoungGen      total 152576K, used 12780K [0x00000000e0000000, 0x00000000ea780000, 0x0000000100000000)
  eden space 139776K, 0% used [0x00000000e0000000,0x00000000e0000000,0x00000000e8880000)
  from space 12800K, 99% used [0x00000000e9780000,0x00000000ea3fb0a0,0x00000000ea400000)
  to   space 15360K, 0% used [0x00000000e8880000,0x00000000e8880000,0x00000000e9780000)
 ParOldGen       total 57344K, used 24532K [0x00000000a0000000, 0x00000000a3800000, 0x00000000e0000000)
  object space 57344K, 42% used [0x00000000a0000000,0x00000000a17f50f0,0x00000000a3800000)
 Metaspace       used 57179K, capacity 58926K, committed 59008K, reserved 1099776K
  class space    used 7777K, capacity 8255K, committed 8320K, reserved 1048576K
Event: 34.548 GC heap after
Heap after GC invocations=17 (full 3):
 PSYoungGen      total 152576K, used 0K [0x00000000e0000000, 0x00000000ea780000, 0x0000000100000000)
  eden space 139776K, 0% used [0x00000000e0000000,0x00000000e0000000,0x00000000e8880000)
  from space 12800K, 0% used [0x00000000e9780000,0x00000000e9780000,0x00000000ea400000)
  to   space 15360K, 0% used [0x00000000e8880000,0x00000000e8880000,0x00000000e9780000)
 ParOldGen       total 89088K, used 34868K [0x00000000a0000000, 0x00000000a5700000, 0x00000000e0000000)
  object space 89088K, 39% used [0x00000000a0000000,0x00000000a220d238,0x00000000a5700000)
 Metaspace       used 57179K, capacity 58926K, committed 59008K, reserved 1099776K
  class space    used 7777K, capacity 8255K, committed 8320K, reserved 1048576K
}
Event: 110.495 GC heap before
{Heap before GC invocations=18 (full 3):
 PSYoungGen      total 152576K, used 139776K [0x00000000e0000000, 0x00000000ea780000, 0x0000000100000000)
  eden space 139776K, 100% used [0x00000000e0000000,0x00000000e8880000,0x00000000e8880000)
  from space 12800K, 0% used [0x00000000e9780000,0x00000000e9780000,0x00000000ea400000)
  to   space 15360K, 0% used [0x00000000e8880000,0x00000000e8880000,0x00000000e9780000)
 ParOldGen       total 89088K, used 34868K [0x00000000a0000000, 0x00000000a5700000, 0x00000000e0000000)
  object space 89088K, 39% used [0x00000000a0000000,0x00000000a220d238,0x00000000a5700000)
 Metaspace       used 60892K, capacity 62840K, committed 62976K, reserved 1103872K
  class space    used 8190K, capacity 8664K, committed 8704K, reserved 1048576K
Event: 110.516 GC heap after
Heap after GC invocations=18 (full 3):
 PSYoungGen      total 155136K, used 9102K [0x00000000e0000000, 0x00000000ebe80000, 0x0000000100000000)
  eden space 139776K, 0% used [0x00000000e0000000,0x00000000e0000000,0x00000000e8880000)
  from space 15360K, 59% used [0x00000000e8880000,0x00000000e9163918,0x00000000e9780000)
  to   space 15360K, 0% used [0x00000000eaf80000,0x00000000eaf80000,0x00000000ebe80000)
 ParOldGen       total 89088K, used 34876K [0x00000000a0000000, 0x00000000a5700000, 0x00000000e0000000)
  object space 89088K, 39% used [0x00000000a0000000,0x00000000a220f238,0x00000000a5700000)
 Metaspace       used 60892K, capacity 62840K, committed 62976K, reserved 1103872K
  class space    used 8190K, capacity 8664K, committed 8704K, reserved 1048576K
}
Event: 144.988 GC heap before
{Heap before GC invocations=19 (full 3):
 PSYoungGen      total 155136K, used 148878K [0x00000000e0000000, 0x00000000ebe80000, 0x0000000100000000)
  eden space 139776K, 100% used [0x00000000e0000000,0x00000000e8880000,0x00000000e8880000)
  from space 15360K, 59% used [0x00000000e8880000,0x00000000e9163918,0x00000000e9780000)
  to   space 15360K, 0% used [0x00000000eaf80000,0x00000000eaf80000,0x00000000ebe80000)
 ParOldGen       total 89088K, used 34876K [0x00000000a0000000, 0x00000000a5700000, 0x00000000e0000000)
  object space 89088K, 39% used [0x00000000a0000000,0x00000000a220f238,0x00000000a5700000)
 Metaspace       used 63284K, capacity 65074K, committed 65280K, reserved 1105920K
  class space    used 8442K, capacity 8920K, committed 8960K, reserved 1048576K
Event: 145.034 GC heap after
Heap after GC invocations=19 (full 3):
 PSYoungGen      total 176128K, used 15343K [0x00000000e0000000, 0x00000000ec100000, 0x0000000100000000)
  eden space 160768K, 0% used [0x00000000e0000000,0x00000000e0000000,0x00000000e9d00000)
  from space 15360K, 99% used [0x00000000eaf80000,0x00000000ebe7bd88,0x00000000ebe80000)
  to   space 18432K, 0% used [0x00000000e9d00000,0x00000000e9d00000,0x00000000eaf00000)
 ParOldGen       total 89088K, used 37880K [0x00000000a0000000, 0x00000000a5700000, 0x00000000e0000000)
  object space 89088K, 42% used [0x00000000a0000000,0x00000000a24fe0c8,0x00000000a5700000)
 Metaspace       used 63284K, capacity 65074K, committed 65280K, reserved 1105920K
  class space    used 8442K, capacity 8920K, committed 8960K, reserved 1048576K
}
Event: 167.554 GC heap before
{Heap before GC invocations=20 (full 3):
 PSYoungGen      total 176128K, used 176111K [0x00000000e0000000, 0x00000000ec100000, 0x0000000100000000)
  eden space 160768K, 100% used [0x00000000e0000000,0x00000000e9d00000,0x00000000e9d00000)
  from space 15360K, 99% used [0x00000000eaf80000,0x00000000ebe7bd88,0x00000000ebe80000)
  to   space 18432K, 0% used [0x00000000e9d00000,0x00000000e9d00000,0x00000000eaf00000)
 ParOldGen       total 89088K, used 37880K [0x00000000a0000000, 0x00000000a5700000, 0x00000000e0000000)
  object space 89088K, 42% used [0x00000000a0000000,0x00000000a24fe0c8,0x00000000a5700000)
 Metaspace       used 68704K, capacity 70974K, committed 71296K, reserved 1112064K
  class space    used 8957K, capacity 9520K, committed 9600K, reserved 1048576K
Event: 167.606 GC heap after
Heap after GC invocations=20 (full 3):
 PSYoungGen      total 179200K, used 16468K [0x00000000e0000000, 0x00000000ed300000, 0x0000000100000000)
  eden space 160768K, 0% used [0x00000000e0000000,0x00000000e0000000,0x00000000e9d00000)
  from space 18432K, 89% used [0x00000000e9d00000,0x00000000ead151b8,0x00000000eaf00000)
  to   space 20480K, 0% used [0x00000000ebf00000,0x00000000ebf00000,0x00000000ed300000)
 ParOldGen       total 89088K, used 52944K [0x00000000a0000000, 0x00000000a5700000, 0x00000000e0000000)
  object space 89088K, 59% used [0x00000000a0000000,0x00000000a33b4108,0x00000000a5700000)
 Metaspace       used 68704K, capacity 70974K, committed 71296K, reserved 1112064K
  class space    used 8957K, capacity 9520K, committed 9600K, reserved 1048576K
}

